\BOOKMARK [0][-]{chapter.1}{Introduction}{}% 1
\BOOKMARK [0][-]{chapter.2}{Background}{}% 2
\BOOKMARK [1][-]{section.2.1}{Automata Theory}{chapter.2}% 3
\BOOKMARK [2][-]{subsection.2.1.1}{Time}{section.2.1}% 4
\BOOKMARK [2][-]{subsection.2.1.2}{Timed Automata}{section.2.1}% 5
\BOOKMARK [2][-]{subsection.2.1.3}{Probabilistic Timed Automata}{section.2.1}% 6
\BOOKMARK [1][-]{section.2.2}{Uppaal}{chapter.2}% 7
\BOOKMARK [2][-]{subsection.2.2.1}{Uppaal Models}{section.2.2}% 8
\BOOKMARK [2][-]{subsection.2.2.2}{Uppaal Simulations}{section.2.2}% 9
\BOOKMARK [2][-]{subsection.2.2.3}{Example}{section.2.2}% 10
\BOOKMARK [1][-]{section.2.3}{Graph Theory}{chapter.2}% 11
\BOOKMARK [2][-]{subsection.2.3.1}{Graph Definition}{section.2.3}% 12
\BOOKMARK [2][-]{subsection.2.3.2}{Graph Matching}{section.2.3}% 13
\BOOKMARK [2][-]{subsection.2.3.3}{Exact Matching}{section.2.3}% 14
\BOOKMARK [2][-]{subsection.2.3.4}{Inexact Matching}{section.2.3}% 15
\BOOKMARK [2][-]{subsection.2.3.5}{The Assignment Problem}{section.2.3}% 16
\BOOKMARK [0][-]{chapter.3}{Related Work}{}% 17
\BOOKMARK [0][-]{chapter.4}{Incremental Learning}{}% 18
\BOOKMARK [1][-]{section.4.1}{Data Fitting}{chapter.4}% 19
\BOOKMARK [1][-]{section.4.2}{Data Learning}{chapter.4}% 20
\BOOKMARK [2][-]{subsection.4.2.1}{Measuring Distance}{section.4.2}% 21
\BOOKMARK [1][-]{section.4.3}{Data Modelling}{chapter.4}% 22
\BOOKMARK [1][-]{section.4.4}{Cost Evaluation}{chapter.4}% 23
\BOOKMARK [2][-]{subsection.4.4.1}{Addition Cost}{section.4.4}% 24
\BOOKMARK [2][-]{subsection.4.4.2}{Replacement Cost}{section.4.4}% 25
\BOOKMARK [2][-]{subsection.4.4.3}{Time Propagation}{section.4.4}% 26
\BOOKMARK [2][-]{subsection.4.4.4}{Functionality Propagation}{section.4.4}% 27
\BOOKMARK [0][-]{chapter.5}{Implementation}{}% 28
\BOOKMARK [1][-]{section.5.1}{Data Manager}{chapter.5}% 29
\BOOKMARK [1][-]{section.5.2}{Fitter Manager}{chapter.5}% 30
\BOOKMARK [1][-]{section.5.3}{Learning Manager}{chapter.5}% 31
\BOOKMARK [1][-]{section.5.4}{Graph Matcher}{chapter.5}% 32
\BOOKMARK [0][-]{chapter.6}{Experiments and Evaluation}{}% 33
\BOOKMARK [1][-]{section.6.1}{Experiment 1}{chapter.6}% 34
\BOOKMARK [2][-]{subsection.6.1.1}{Sub-Experiment 1 - Similarity Prioritized}{section.6.1}% 35
\BOOKMARK [2][-]{subsection.6.1.2}{Sub-Experiment 2 - Time and Functionality Prioritized}{section.6.1}% 36
\BOOKMARK [2][-]{subsection.6.1.3}{Sub-Experiment 3 - Node Addition Prioritized}{section.6.1}% 37
\BOOKMARK [1][-]{section.6.2}{Experiment 2}{chapter.6}% 38
\BOOKMARK [2][-]{subsection.6.2.1}{Sub-Experiment 1}{section.6.2}% 39
\BOOKMARK [2][-]{subsection.6.2.2}{Sub-Experiment 2}{section.6.2}% 40
\BOOKMARK [0][-]{chapter.7}{Conclusion and Future Work}{}% 41
